<?xml version="1.0" encoding="UTF-8"?><testsuite errors="1" failures="0" name="utest" skipped="0" tests="1" time="138.96" timestamp="2021-11-16 04:42:29"><testcase name="search for automation on the utest page"><error message="Expected enabled element was not enabled" type="net.thucydides.core.webdriver.exceptions.ElementShouldBeEnabledException">Expected enabled element was not enabled</error><system-err>Expected enabled element was not enabled&#13;
co.com.choucair.certification.utest.tasks.StepThird.performAs(StepThird.java:21)&#13;
co.com.choucair.certification.utest.stepdefinitions.UtestStepDefinitions.HeCompletesEachStepOfTheUserRegistration(UtestStepDefinitions.java:32)&#13;
cucumber.runner.Runner.runPickle(Runner.java:80)&#13;
</system-err></testcase></testsuite>